2020-04-11 21:54:50,153:DEBUG:Add: 10 + 5 = 15
2020-04-11 21:54:50,154:DEBUG:Sub: 10 - 5 = 5
2020-04-11 21:54:50,154:DEBUG:Mul: 10 * 5 = 50
2020-04-11 21:54:50,155:DEBUG:Div: 10 / 5 = 2.0
2020-04-12 15:12:33,435:INFO:Add: 10 + 5 = 15
2020-04-12 15:12:33,435:INFO:Sub: 10 - 5 = 5
2020-04-12 15:12:33,435:INFO:Mul: 10 * 5 = 50
2020-04-12 15:12:33,435:INFO:Div: 10 / 5 = 2.0
2020-04-12 15:21:55,941:__main__:Add: 10 + 5 = 15
2020-04-12 15:21:55,942:__main__:Sub: 10 - 5 = 5
2020-04-12 15:21:55,942:__main__:Mul: 10 * 5 = 50
2020-04-12 15:21:55,942:__main__:Div: 10 / 5 = 2.0
2020-04-12 15:27:23,275:__main__:Add: 10 + 5 = 15
2020-04-12 15:27:23,276:__main__:Sub: 10 - 5 = 5
2020-04-12 15:27:23,276:__main__:Mul: 10 * 5 = 50
2020-04-12 15:27:23,276:__main__:Div: 10 / 5 = 2.0
2020-04-12 15:33:12,493:__main__:Tried to divide by zero
2020-04-12 15:34:15,603:__main__:Tried to divide by zero
Traceback (most recent call last):
  File "C:/Python35/python-ml/python/python-cs/logging basics/log-sample2.py", line 45, in divide
    result = x / y
ZeroDivisionError: division by zero
2020-04-12 15:37:13,685:__main__:Tried to divide by zero
Traceback (most recent call last):
  File "C:/Python35/python-ml/python/python-cs/logging basics/log-sample2.py", line 49, in divide
    result = x / y
ZeroDivisionError: division by zero
2020-04-12 15:37:53,508:__main__:Tried to divide by zero
Traceback (most recent call last):
  File "C:/Python35/python-ml/python/python-cs/logging basics/log-sample2.py", line 51, in divide
    result = x / y
ZeroDivisionError: division by zero
